<?xml version="1.0" encoding="UTF-8"?>
<!-- Generated by org.testng.reporters.JUnitReportReporter -->
<testsuite hostname="BSS-SBOJEDLA" failures="0" tests="1" name="com.miles.tellworks.testcases.DigitalLayerTest" time="21.791" errors="0" timestamp="2022-06-03T22:45:42 IST" skipped="0">
  <testcase classname="com.miles.tellworks.testcases.DigitalLayerTest" name="DigitalLayerCorrectionsTest" time="21.791"/>
  <system-out/>
</testsuite> <!-- com.miles.tellworks.testcases.DigitalLayerTest -->
