<?xml version="1.0" encoding="UTF-8"?>
<!-- Generated by org.testng.reporters.JUnitReportReporter -->
<testsuite hostname="BSS-SBOJEDLA" failures="0" tests="2" name="com.miles.tellworks.testcases.OperationsTest" time="52.548" errors="0" timestamp="2022-06-03T22:45:42 IST" skipped="0">
  <testcase classname="com.miles.tellworks.testcases.OperationsTest" name="pickOpexInventoryTest" time="11.303"/>
  <system-out/>
  <testcase classname="com.miles.tellworks.testcases.OperationsTest" name="opexInventoryTest" time="41.245"/>
  <system-out/>
</testsuite> <!-- com.miles.tellworks.testcases.OperationsTest -->
