<?xml version="1.0" encoding="UTF-8"?>
<!-- Generated by org.testng.reporters.JUnitReportReporter -->
<testsuite hostname="BSS-SBOJEDLA" failures="0" tests="4" name="com.miles.tellworks.testcases.ReceivingTest" time="28.784" errors="0" timestamp="2022-06-03T22:45:42 IST" skipped="0">
  <testcase classname="com.miles.tellworks.testcases.ReceivingTest" name="receivingManagementTest" time="5.580"/>
  <system-out/>
  <testcase classname="com.miles.tellworks.testcases.ReceivingTest" name="receivingASNApprovalsTest" time="6.629"/>
  <system-out/>
  <testcase classname="com.miles.tellworks.testcases.ReceivingTest" name="receivingReversalsTest" time="5.376"/>
  <system-out/>
  <testcase classname="com.miles.tellworks.testcases.ReceivingTest" name="receivingASNManagementTest" time="11.199"/>
  <system-out/>
</testsuite> <!-- com.miles.tellworks.testcases.ReceivingTest -->
