<?xml version="1.0" encoding="UTF-8"?>
<!-- Generated by org.testng.reporters.JUnitReportReporter -->
<testsuite hostname="BSS-SBOJEDLA" failures="0" tests="3" name="com.miles.tellworks.testcases.ReturnsTest" time="42.540" errors="0" timestamp="2022-06-03T22:45:42 IST" skipped="0">
  <testcase classname="com.miles.tellworks.testcases.ReturnsTest" name="RequestworkflowMaintenanceTest" time="11.077"/>
  <system-out/>
  <testcase classname="com.miles.tellworks.testcases.ReturnsTest" name="RequestUserApproverTest" time="17.102"/>
  <system-out/>
  <testcase classname="com.miles.tellworks.testcases.ReturnsTest" name="RequestOverviewTest" time="14.361"/>
  <system-out/>
</testsuite> <!-- com.miles.tellworks.testcases.ReturnsTest -->
