<?xml version="1.0" encoding="UTF-8"?>
<!-- Generated by org.testng.reporters.JUnitReportReporter -->
<testsuite hostname="BSS-SBOJEDLA" failures="0" tests="16" name="com.miles.tellworks.testcases.AdminTest" time="101.657" errors="0" timestamp="2022-06-03T22:45:42 IST" skipped="0">
  <testcase classname="com.miles.tellworks.testcases.AdminTest" name="regionAreaMarketTest" time="4.457"/>
  <system-out/>
  <testcase classname="com.miles.tellworks.testcases.AdminTest" name="userAdministratationTest" time="14.053"/>
  <system-out/>
  <testcase classname="com.miles.tellworks.testcases.AdminTest" name="adminWarehouseTest" time="3.756"/>
  <system-out/>
  <testcase classname="com.miles.tellworks.testcases.AdminTest" name="adminSerialManagementTest" time="2.395"/>
  <system-out/>
  <testcase classname="com.miles.tellworks.testcases.AdminTest" name="adminWarehouseLocationTest" time="4.134"/>
  <system-out/>
  <testcase classname="com.miles.tellworks.testcases.AdminTest" name="adminAdjustmentReasonCodesTest" time="6.477"/>
  <system-out/>
  <testcase classname="com.miles.tellworks.testcases.AdminTest" name="partMaintenanceTest" time="23.542"/>
  <system-out/>
  <testcase classname="com.miles.tellworks.testcases.AdminTest" name="controlTableProjectTest" time="2.338"/>
  <system-out/>
  <testcase classname="com.miles.tellworks.testcases.AdminTest" name="controlTableMarketTest" time="2.312"/>
  <system-out/>
  <testcase classname="com.miles.tellworks.testcases.AdminTest" name="userAuditTest" time="2.935"/>
  <system-out/>
  <testcase classname="com.miles.tellworks.testcases.AdminTest" name="adminWarehouseZonesTest" time="3.125"/>
  <system-out/>
  <testcase classname="com.miles.tellworks.testcases.AdminTest" name="controlTableAreasTest" time="2.702"/>
  <system-out/>
  <testcase classname="com.miles.tellworks.testcases.AdminTest" name="adminReasonCodesTest" time="6.090"/>
  <system-out/>
  <testcase classname="com.miles.tellworks.testcases.AdminTest" name="marketProjectTest" time="4.495"/>
  <system-out/>
  <testcase classname="com.miles.tellworks.testcases.AdminTest" name="partMasterTest" time="16.443"/>
  <system-out/>
  <testcase classname="com.miles.tellworks.testcases.AdminTest" name="controlTableRegionsTest" time="2.403"/>
  <system-out/>
</testsuite> <!-- com.miles.tellworks.testcases.AdminTest -->
