<?xml version="1.0" encoding="UTF-8"?>
<!-- Generated by org.testng.reporters.JUnitReportReporter -->
<testsuite hostname="BSS-SBOJEDLA" failures="0" tests="5" name="com.miles.tellworks.testcases.MaintenanceTest" time="39.917" errors="0" timestamp="2022-06-03T22:45:42 IST" skipped="0">
  <testcase classname="com.miles.tellworks.testcases.MaintenanceTest" name="maintenanceWarehouseTest" time="2.304"/>
  <system-out/>
  <testcase classname="com.miles.tellworks.testcases.MaintenanceTest" name="maintenanceZoneTest" time="3.039"/>
  <system-out/>
  <testcase classname="com.miles.tellworks.testcases.MaintenanceTest" name="maintenanceLocationTest" time="3.815"/>
  <system-out/>
  <testcase classname="com.miles.tellworks.testcases.MaintenanceTest" name="PartMaintenanceTest" time="27.121"/>
  <system-out/>
  <testcase classname="com.miles.tellworks.testcases.MaintenanceTest" name="SupplierMaintenanceTest" time="3.638"/>
  <system-out/>
</testsuite> <!-- com.miles.tellworks.testcases.MaintenanceTest -->
