<?xml version="1.0" encoding="UTF-8"?>
<!-- Generated by org.testng.reporters.JUnitReportReporter -->
<testsuite hostname="BSS-SBOJEDLA" failures="0" tests="11" name="com.miles.tellworks.testcases.DeploymentsTest" time="291.469" errors="0" timestamp="2022-06-03T22:45:42 IST" skipped="0">
  <testcase classname="com.miles.tellworks.testcases.DeploymentsTest" name="deploymentsEmailNotificationSetupTest" time="3.744"/>
  <system-out/>
  <testcase classname="com.miles.tellworks.testcases.DeploymentsTest" name="dOPDTest" time="38.901"/>
  <system-out/>
  <testcase classname="com.miles.tellworks.testcases.DeploymentsTest" name="bomTest" time="21.034"/>
  <system-out/>
  <testcase classname="com.miles.tellworks.testcases.DeploymentsTest" name="psmTest" time="31.488"/>
  <system-out/>
  <testcase classname="com.miles.tellworks.testcases.DeploymentsTest" name="warehouseTest" time="9.680"/>
  <system-out/>
  <testcase classname="com.miles.tellworks.testcases.DeploymentsTest" name="oVSdTest" time="23.279"/>
  <system-out/>
  <testcase classname="com.miles.tellworks.testcases.DeploymentsTest" name="bomSSTest" time="27.330"/>
  <system-out/>
  <testcase classname="com.miles.tellworks.testcases.DeploymentsTest" name="capxTest" time="95.403"/>
  <system-out/>
  <testcase classname="com.miles.tellworks.testcases.DeploymentsTest" name="siteTest" time="15.663"/>
  <system-out/>
  <testcase classname="com.miles.tellworks.testcases.DeploymentsTest" name="deploymentsDKRRListTest" time="12.531"/>
  <system-out/>
  <testcase classname="com.miles.tellworks.testcases.DeploymentsTest" name="dSRDSTest" time="12.416"/>
  <system-out/>
</testsuite> <!-- com.miles.tellworks.testcases.DeploymentsTest -->
